
====================================================================================================
Demucs started: 2026-06-13 22:19:44
Command:
/Users/jeea/Documents/프로그래밍/Python File/portfolio/.venv/bin/python -m demucs --two-stems=vocals -o /Users/jeea/Documents/프로그래밍/Python File/portfolio/project/musicAI/separated /Users/jeea/Documents/프로그래밍/Python File/portfolio/project/musicAI/uploads/All In My Mind - Jazz Dream Pop.mp3
====================================================================================================
[1mImportant: the default model was recently changed to `htdemucs`[0m the latest Hybrid Transformer Demucs model. In some cases, this model can actually perform worse than previous models. To get back the old default model use `-n mdx_extra_q`.
Selected model is a bag of 1 models. You will see that many progress bars per track.
Separated tracks will be stored in /Users/jeea/Documents/프로그래밍/Python File/portfolio/project/musicAI/separated/htdemucs
Separating track /Users/jeea/Documents/프로그래밍/Python File/portfolio/project/musicAI/uploads/All In My Mind - Jazz Dream Pop.mp3

  0%|                                                                                  | 0.0/245.7 [00:00<?, ?seconds/s]
  2%|█▋                                                                       | 5.85/245.7 [00:01<01:11,  3.33seconds/s]
  5%|███▍                                                                     | 11.7/245.7 [00:03<01:03,  3.71seconds/s]
  7%|████▏                                                      | 17.549999999999997/245.7 [00:04<00:59,  3.83seconds/s]
 10%|██████▉                                                                  | 23.4/245.7 [00:06<00:56,  3.92seconds/s]
 12%|████████▌                                                               | 29.25/245.7 [00:07<00:55,  3.94seconds/s]
 14%|████████▍                                                  | 35.099999999999994/245.7 [00:08<00:52,  4.03seconds/s]
 17%|█████████▊                                                 | 40.949999999999996/245.7 [00:10<00:49,  4.13seconds/s]
 19%|█████████████▉                                                           | 46.8/245.7 [00:11<00:47,  4.21seconds/s]
 21%|███████████████▍                                                        | 52.65/245.7 [00:12<00:45,  4.25seconds/s]
 24%|█████████████████▍                                                       | 58.5/245.7 [00:14<00:43,  4.31seconds/s]
 26%|██████████████████▊                                                     | 64.35/245.7 [00:15<00:41,  4.33seconds/s]
 29%|█████████████████▏                                          | 70.19999999999999/245.7 [00:16<00:40,  4.35seconds/s]
 31%|██████████████████████▎                                                 | 76.05/245.7 [00:18<00:38,  4.35seconds/s]
 33%|████████████████████                                        | 81.89999999999999/245.7 [00:19<00:38,  4.23seconds/s]
 36%|█████████████████████████▋                                              | 87.75/245.7 [00:21<00:38,  4.14seconds/s]
 38%|███████████████████████████▊                                             | 93.6/245.7 [00:22<00:36,  4.12seconds/s]
 40%|████████████████████████▎                                   | 99.44999999999999/245.7 [00:24<00:34,  4.18seconds/s]
 43%|██████████████████████████████▊                                         | 105.3/245.7 [00:25<00:33,  4.24seconds/s]
 45%|██████████████████████████▋                                | 111.14999999999999/245.7 [00:26<00:31,  4.27seconds/s]
 48%|██████████████████████████████████▎                                     | 117.0/245.7 [00:28<00:29,  4.31seconds/s]
 50%|███████████████████████████████████▌                                   | 122.85/245.7 [00:29<00:28,  4.32seconds/s]
 52%|█████████████████████████████████████▋                                  | 128.7/245.7 [00:30<00:26,  4.34seconds/s]
 55%|████████████████████████████████▎                          | 134.54999999999998/245.7 [00:32<00:25,  4.35seconds/s]
 57%|█████████████████████████████████▋                         | 140.39999999999998/245.7 [00:33<00:24,  4.31seconds/s]
 60%|██████████████████████████████████████████▎                            | 146.25/245.7 [00:34<00:23,  4.32seconds/s]
 62%|████████████████████████████████████████████▌                           | 152.1/245.7 [00:36<00:21,  4.34seconds/s]
 64%|█████████████████████████████████████████████▋                         | 157.95/245.7 [00:37<00:20,  4.33seconds/s]
 67%|███████████████████████████████████████▎                   | 163.79999999999998/245.7 [00:38<00:18,  4.34seconds/s]
 69%|████████████████████████████████████████▋                  | 169.64999999999998/245.7 [00:40<00:17,  4.36seconds/s]
 71%|███████████████████████████████████████████████████▍                    | 175.5/245.7 [00:41<00:16,  4.36seconds/s]
 74%|████████████████████████████████████████████████████▍                  | 181.35/245.7 [00:42<00:14,  4.33seconds/s]
 76%|██████████████████████████████████████████████████████▊                 | 187.2/245.7 [00:44<00:13,  4.33seconds/s]
 79%|██████████████████████████████████████████████▎            | 193.04999999999998/245.7 [00:45<00:12,  4.36seconds/s]
 81%|███████████████████████████████████████████████▊           | 198.89999999999998/245.7 [00:46<00:10,  4.36seconds/s]
 83%|███████████████████████████████████████████████████████████▏           | 204.75/245.7 [00:48<00:09,  4.37seconds/s]
 86%|█████████████████████████████████████████████████████████████▋          | 210.6/245.7 [00:49<00:08,  4.25seconds/s]
 88%|██████████████████████████████████████████████████████████████▌        | 216.45/245.7 [00:51<00:07,  4.16seconds/s]
 90%|█████████████████████████████████████████████████████▍     | 222.29999999999998/245.7 [00:52<00:05,  4.16seconds/s]
 93%|██████████████████████████████████████████████████████▊    | 228.14999999999998/245.7 [00:53<00:04,  4.22seconds/s]
 95%|████████████████████████████████████████████████████████████████████▌   | 234.0/245.7 [00:55<00:02,  4.25seconds/s]
 98%|█████████████████████████████████████████████████████████████████████▎ | 239.85/245.7 [00:56<00:01,  4.28seconds/s]
100%|████████████████████████████████████████████████████████████████████████| 245.7/245.7 [00:57<00:00,  4.28seconds/s]
100%|████████████████████████████████████████████████████████████████████████| 245.7/245.7 [00:57<00:00,  4.24seconds/s]
/Users/jeea/Documents/프로그래밍/Python File/portfolio/.venv/lib/python3.14/site-packages/torchaudio/__init__.py:178: UserWarning: The 'encoding' parameter is not fully supported by TorchCodec AudioEncoder.
  return save_with_torchcodec(
/Users/jeea/Documents/프로그래밍/Python File/portfolio/.venv/lib/python3.14/site-packages/torchaudio/__init__.py:178: UserWarning: The 'bits_per_sample' parameter is not directly supported by TorchCodec AudioEncoder.
  return save_with_torchcodec(
