
====================================================================================================
Demucs started: 2026-06-13 22:20:56
Command:
/Users/jeea/Documents/프로그래밍/Python File/portfolio/.venv/bin/python -m demucs --two-stems=vocals -o /Users/jeea/Documents/프로그래밍/Python File/portfolio/project/musicAI/separated /Users/jeea/Documents/프로그래밍/Python File/portfolio/project/musicAI/uploads/City Of Stars.mp3
====================================================================================================
[1mImportant: the default model was recently changed to `htdemucs`[0m the latest Hybrid Transformer Demucs model. In some cases, this model can actually perform worse than previous models. To get back the old default model use `-n mdx_extra_q`.
Selected model is a bag of 1 models. You will see that many progress bars per track.
Separated tracks will be stored in /Users/jeea/Documents/프로그래밍/Python File/portfolio/project/musicAI/separated/htdemucs
Separating track /Users/jeea/Documents/프로그래밍/Python File/portfolio/project/musicAI/uploads/City Of Stars.mp3

  0%|                                                                                  | 0.0/152.1 [00:00<?, ?seconds/s]
  4%|██▊                                                                      | 5.85/152.1 [00:01<00:35,  4.15seconds/s]
  8%|█████▌                                                                   | 11.7/152.1 [00:02<00:32,  4.31seconds/s]
 12%|██████▊                                                    | 17.549999999999997/152.1 [00:04<00:31,  4.29seconds/s]
 15%|███████████▏                                                             | 23.4/152.1 [00:05<00:29,  4.31seconds/s]
 19%|█████████████▊                                                          | 29.25/152.1 [00:06<00:28,  4.24seconds/s]
 23%|█████████████▌                                             | 35.099999999999994/152.1 [00:08<00:28,  4.12seconds/s]
 27%|███████████████▉                                           | 40.949999999999996/152.1 [00:09<00:27,  4.04seconds/s]
 31%|██████████████████████▍                                                  | 46.8/152.1 [00:11<00:25,  4.09seconds/s]
 35%|████████████████████████▉                                               | 52.65/152.1 [00:12<00:23,  4.15seconds/s]
 38%|████████████████████████████                                             | 58.5/152.1 [00:14<00:22,  4.19seconds/s]
 42%|██████████████████████████████▍                                         | 64.35/152.1 [00:15<00:20,  4.22seconds/s]
 46%|███████████████████████████▋                                | 70.19999999999999/152.1 [00:16<00:19,  4.25seconds/s]
 50%|████████████████████████████████████                                    | 76.05/152.1 [00:18<00:17,  4.28seconds/s]
 54%|████████████████████████████████▎                           | 81.89999999999999/152.1 [00:19<00:16,  4.26seconds/s]
 58%|█████████████████████████████████████████▌                              | 87.75/152.1 [00:20<00:15,  4.29seconds/s]
 62%|████████████████████████████████████████████▉                            | 93.6/152.1 [00:22<00:13,  4.30seconds/s]
 65%|███████████████████████████████████████▏                    | 99.44999999999999/152.1 [00:23<00:12,  4.28seconds/s]
 69%|█████████████████████████████████████████████████▊                      | 105.3/152.1 [00:24<00:10,  4.30seconds/s]
 73%|███████████████████████████████████████████                | 111.14999999999999/152.1 [00:26<00:09,  4.30seconds/s]
 77%|███████████████████████████████████████████████████████▍                | 117.0/152.1 [00:27<00:08,  4.31seconds/s]
 81%|█████████████████████████████████████████████████████████▎             | 122.85/152.1 [00:28<00:06,  4.27seconds/s]
 85%|████████████████████████████████████████████████████████████▉           | 128.7/152.1 [00:30<00:05,  4.25seconds/s]
 88%|████████████████████████████████████████████████████▏      | 134.54999999999998/152.1 [00:31<00:04,  4.25seconds/s]
 92%|██████████████████████████████████████████████████████▍    | 140.39999999999998/152.1 [00:33<00:02,  4.29seconds/s]
 96%|████████████████████████████████████████████████████████████████████▎  | 146.25/152.1 [00:34<00:01,  4.31seconds/s]
100%|████████████████████████████████████████████████████████████████████████| 152.1/152.1 [00:35<00:00,  4.32seconds/s]
100%|████████████████████████████████████████████████████████████████████████| 152.1/152.1 [00:35<00:00,  4.25seconds/s]
/Users/jeea/Documents/프로그래밍/Python File/portfolio/.venv/lib/python3.14/site-packages/torchaudio/__init__.py:178: UserWarning: The 'encoding' parameter is not fully supported by TorchCodec AudioEncoder.
  return save_with_torchcodec(
/Users/jeea/Documents/프로그래밍/Python File/portfolio/.venv/lib/python3.14/site-packages/torchaudio/__init__.py:178: UserWarning: The 'bits_per_sample' parameter is not directly supported by TorchCodec AudioEncoder.
  return save_with_torchcodec(
